<?xml version="1.0" encoding="UTF-8"?>
<!-- Generated by org.testng.reporters.JUnitXMLReporter -->
<testsuite ignored="0" hostname="DESKTOP-FTIU28S" failures="1" tests="3" name="ChromeTest" time="30.118" errors="0" timestamp="2023-04-16T10:52:32 IST">
  <testcase classname="Home_Page.VerifyLoginTab" name="verifyAllTheOptionsPresentInLoginTab" time="0.818"/>
  <testcase classname="Home_Page.VerifyExploreProductTab" name="verifyAllTheOptionsPresentInExploreProductTab" time="13.128"/>
  <testcase classname="Home_Page.VerifyExploreProductTab" name="verifyTheTableNamePresentInExploreProductTab" time="0.225">
    <failure type="java.lang.AssertionError" message="The following asserts failed:
	expected [Retail] but found [],
	expected [Agri and Rural] but found []">
      <![CDATA[java.lang.AssertionError: The following asserts failed:
expected [Retail] but found [],
expected [Agri and Rural] but found []
at Home_Page.VerifyExploreProductTab.verifyTheTableNamePresentInExploreProductTab(VerifyExploreProductTab.java:101)
at java.base/java.util.concurrent.ThreadPoolExecutor.runWorker(ThreadPoolExecutor.java:1136)
at java.base/java.util.concurrent.ThreadPoolExecutor$Worker.run(ThreadPoolExecutor.java:635)
at java.base/java.lang.Thread.run(Thread.java:833)
... Removed 14 stack frames]]>
    </failure>
  </testcase> <!-- verifyTheTableNamePresentInExploreProductTab -->
</testsuite> <!-- ChromeTest -->
