<?xml version="1.0" encoding="UTF-8"?>
<!-- Generated by org.testng.reporters.JUnitXMLReporter -->
<testsuite ignored="0" hostname="DESKTOP-FTIU28S" failures="0" tests="3" name="EdgeTest" time="5.394" errors="0" timestamp="2023-04-16T10:52:07 IST">
  <testcase classname="Home_Page.VerifyExploreProductTab" name="@BeforeTest openBrowser" time="5.141">
    <failure type="org.openqa.selenium.WebDriverException" message="disconnected: not connected to DevTools
  (failed to check if window was closed: disconnected: not connected to DevTools)
  (Session info: MicrosoftEdge=112.0.1722.48)
Build info: version: &amp;apos;3.141.59&amp;apos;, revision: &amp;apos;e82be7d358&amp;apos;, time: &amp;apos;2018-11-14T08:17:03&amp;apos;
System info: host: &amp;apos;DESKTOP-FTIU28S&amp;apos;, ip: &amp;apos;192.168.184.1&amp;apos;, os.name: &amp;apos;Windows 11&amp;apos;, os.arch: &amp;apos;amd64&amp;apos;, os.version: &amp;apos;10.0&amp;apos;, java.version: &amp;apos;17.0.5&amp;apos;
Driver info: driver.version: EdgeDriver
remote stacktrace: Backtrace:
	Microsoft::Applications::Events::EventProperties::SetProperty [0x00007FF7BA98A5B2+12658]
	Microsoft::Applications::Events::EventProperty::EventProperty [0x00007FF7BA922852+747634]
	(No symbol) [0x00007FF7BA5BDD2E]
	(No symbol) [0x00007FF7BA5A7C01]
	(No symbol) [0x00007FF7BA5A9001]
	(No symbol) [0x00007FF7BA5A8F30]
	(No symbol) [0x00007FF7BA596202]
	(No symbol) [0x00007FF7BA595D7A]
	(No symbol) [0x00007FF7BA627316]
	(No symbol) [0x00007FF7BA61F1C3]
	(No symbol) [0x00007FF7BA5F17D6]
	(No symbol) [0x00007FF7BA5F09B5]
	(No symbol) [0x00007FF7BA5F1F44]
	Microsoft::Applications::Events::EventProperties::SetProperty [0x00007FF7BA835520+147088]
	(No symbol) [0x00007FF7BA6D91B6]
	Microsoft::Applications::Events::EventProperty::EventProperty [0x00007FF7BA874487+33959]
	Microsoft::Applications::Events::EventProperty::EventProperty [0x00007FF7BA877F55+49013]
	Microsoft::Applications::Events::ILogManager::DispatchEventBroadcast [0x00007FF7BAB69923+1305299]
	Microsoft::Applications::Events::EventProperty::EventProperty [0x00007FF7BA92AE0C+781868]
	Microsoft::Applications::Events::EventProperty::EventProperty [0x00007FF7BA930334+803668]
	Microsoft::Applications::Events::EventProperty::EventProperty [0x00007FF7BA93048C+804012]
	Microsoft::Applications::Events::EventProperty::EventProperty [0x00007FF7BA938591+837041]
	BaseThreadInitThunk [0x00007FFA06BD269D+29]
	RtlUserThreadStart [0x00007FFA07FEA9F8+40]
">
      <![CDATA[org.openqa.selenium.WebDriverException: disconnected: not connected to DevTools
  (failed to check if window was closed: disconnected: not connected to DevTools)
  (Session info: MicrosoftEdge=112.0.1722.48)
Build info: version: '3.141.59', revision: 'e82be7d358', time: '2018-11-14T08:17:03'
System info: host: 'DESKTOP-FTIU28S', ip: '192.168.184.1', os.name: 'Windows 11', os.arch: 'amd64', os.version: '10.0', java.version: '17.0.5'
Driver info: driver.version: EdgeDriver
remote stacktrace: Backtrace:
Microsoft::Applications::Events::EventProperties::SetProperty [0x00007FF7BA98A5B2+12658]
Microsoft::Applications::Events::EventProperty::EventProperty [0x00007FF7BA922852+747634]
(No symbol) [0x00007FF7BA5BDD2E]
(No symbol) [0x00007FF7BA5A7C01]
(No symbol) [0x00007FF7BA5A9001]
(No symbol) [0x00007FF7BA5A8F30]
(No symbol) [0x00007FF7BA596202]
(No symbol) [0x00007FF7BA595D7A]
(No symbol) [0x00007FF7BA627316]
(No symbol) [0x00007FF7BA61F1C3]
(No symbol) [0x00007FF7BA5F17D6]
(No symbol) [0x00007FF7BA5F09B5]
(No symbol) [0x00007FF7BA5F1F44]
Microsoft::Applications::Events::EventProperties::SetProperty [0x00007FF7BA835520+147088]
(No symbol) [0x00007FF7BA6D91B6]
Microsoft::Applications::Events::EventProperty::EventProperty [0x00007FF7BA874487+33959]
Microsoft::Applications::Events::EventProperty::EventProperty [0x00007FF7BA877F55+49013]
Microsoft::Applications::Events::ILogManager::DispatchEventBroadcast [0x00007FF7BAB69923+1305299]
Microsoft::Applications::Events::EventProperty::EventProperty [0x00007FF7BA92AE0C+781868]
Microsoft::Applications::Events::EventProperty::EventProperty [0x00007FF7BA930334+803668]
Microsoft::Applications::Events::EventProperty::EventProperty [0x00007FF7BA93048C+804012]
Microsoft::Applications::Events::EventProperty::EventProperty [0x00007FF7BA938591+837041]
BaseThreadInitThunk [0x00007FFA06BD269D+29]
RtlUserThreadStart [0x00007FFA07FEA9F8+40]

at org.openqa.selenium.remote.W3CHandshakeResponse.lambda$errorHandler$0(W3CHandshakeResponse.java:62)
at org.openqa.selenium.remote.HandshakeResponse.lambda$getResponseFunction$0(HandshakeResponse.java:30)
at org.openqa.selenium.remote.ProtocolHandshake.lambda$createSession$0(ProtocolHandshake.java:126)
at java.base/java.util.stream.ReferencePipeline$3$1.accept(ReferencePipeline.java:197)
at java.base/java.util.Spliterators$ArraySpliterator.tryAdvance(Spliterators.java:1002)
at java.base/java.util.stream.ReferencePipeline.forEachWithCancel(ReferencePipeline.java:129)
at java.base/java.util.stream.AbstractPipeline.copyIntoWithCancel(AbstractPipeline.java:527)
at java.base/java.util.stream.AbstractPipeline.copyInto(AbstractPipeline.java:513)
at java.base/java.util.stream.AbstractPipeline.wrapAndCopyInto(AbstractPipeline.java:499)
at java.base/java.util.stream.FindOps$FindOp.evaluateSequential(FindOps.java:150)
at java.base/java.util.stream.AbstractPipeline.evaluate(AbstractPipeline.java:234)
at java.base/java.util.stream.ReferencePipeline.findFirst(ReferencePipeline.java:647)
at org.openqa.selenium.remote.ProtocolHandshake.createSession(ProtocolHandshake.java:128)
at org.openqa.selenium.remote.ProtocolHandshake.createSession(ProtocolHandshake.java:74)
at org.openqa.selenium.remote.HttpCommandExecutor.execute(HttpCommandExecutor.java:136)
at org.openqa.selenium.remote.service.DriverCommandExecutor.execute(DriverCommandExecutor.java:83)
at org.openqa.selenium.remote.RemoteWebDriver.execute(RemoteWebDriver.java:552)
at org.openqa.selenium.remote.RemoteWebDriver.startSession(RemoteWebDriver.java:213)
at org.openqa.selenium.remote.RemoteWebDriver.<init>(RemoteWebDriver.java:131)
at org.openqa.selenium.edge.EdgeDriver.<init>(EdgeDriver.java:141)
at org.openqa.selenium.edge.EdgeDriver.<init>(EdgeDriver.java:96)
at Browser_Setup.Base.openEdgeBrowser(Base.java:26)
at Home_Page.VerifyExploreProductTab.openBrowser(VerifyExploreProductTab.java:61)
at java.base/java.util.concurrent.FutureTask.run(FutureTask.java:264)
at java.base/java.util.concurrent.ThreadPoolExecutor.runWorker(ThreadPoolExecutor.java:1136)
at java.base/java.util.concurrent.ThreadPoolExecutor$Worker.run(ThreadPoolExecutor.java:635)
at java.base/java.lang.Thread.run(Thread.java:833)
... Removed 20 stack frames]]>
    </failure>
  </testcase> <!-- @BeforeTest openBrowser -->
  <testcase classname="Home_Page.VerifyLoginTab" name="@BeforeTest openBrowser" time="-1.681622527325E9">
    <skipped/>
  </testcase> <!-- @BeforeTest openBrowser -->
  <testcase classname="Home_Page.VerifyLoginTab" name="@BeforeClass createPomObject" time="-1.681622527343E9">
    <skipped/>
  </testcase> <!-- @BeforeClass createPomObject -->
  <testcase classname="Home_Page.VerifyLoginTab" name="@BeforeMethod launchWebApplication" time="-1.681622527346E9">
    <skipped/>
  </testcase> <!-- @BeforeMethod launchWebApplication -->
  <testcase classname="Home_Page.VerifyLoginTab" name="@AfterMethod logOutFromApplication" time="-1.68162252737E9">
    <skipped/>
  </testcase> <!-- @AfterMethod logOutFromApplication -->
  <testcase classname="Home_Page.VerifyLoginTab" name="@AfterClass clearObject" time="-1.681622527385E9">
    <skipped/>
  </testcase> <!-- @AfterClass clearObject -->
  <testcase classname="Home_Page.VerifyExploreProductTab" name="@BeforeClass createPomObject" time="-1.681622527343E9">
    <skipped/>
  </testcase> <!-- @BeforeClass createPomObject -->
  <testcase classname="Home_Page.VerifyExploreProductTab" name="@BeforeMethod launchWebApplication" time="-1.681622527449E9">
    <skipped/>
  </testcase> <!-- @BeforeMethod launchWebApplication -->
  <testcase classname="Home_Page.VerifyExploreProductTab" name="@AfterMethod logOutFromApplication" time="-1.681622527488E9">
    <skipped/>
  </testcase> <!-- @AfterMethod logOutFromApplication -->
  <testcase classname="Home_Page.VerifyExploreProductTab" name="@BeforeMethod launchWebApplication" time="-1.681622527492E9">
    <skipped/>
  </testcase> <!-- @BeforeMethod launchWebApplication -->
  <testcase classname="Home_Page.VerifyExploreProductTab" name="@AfterMethod logOutFromApplication" time="-1.681622527503E9">
    <skipped/>
  </testcase> <!-- @AfterMethod logOutFromApplication -->
  <testcase classname="Home_Page.VerifyExploreProductTab" name="@AfterClass clearObject" time="-1.681622527527E9">
    <skipped/>
  </testcase> <!-- @AfterClass clearObject -->
  <testcase classname="Home_Page.VerifyExploreProductTab" name="@AfterTest closedTheBrowser" time="-1.681622527532E9">
    <skipped/>
  </testcase> <!-- @AfterTest closedTheBrowser -->
  <testcase classname="Home_Page.VerifyLoginTab" name="@AfterTest closedTheBrowser" time="-1.681622527535E9">
    <skipped/>
  </testcase> <!-- @AfterTest closedTheBrowser -->
  <testcase classname="Home_Page.VerifyLoginTab" name="verifyAllTheOptionsPresentInLoginTab" time="0.0">
    <skipped/>
  </testcase> <!-- verifyAllTheOptionsPresentInLoginTab -->
  <testcase classname="Home_Page.VerifyExploreProductTab" name="verifyAllTheOptionsPresentInExploreProductTab" time="0.0">
    <skipped/>
  </testcase> <!-- verifyAllTheOptionsPresentInExploreProductTab -->
  <testcase classname="Home_Page.VerifyExploreProductTab" name="verifyTheTableNamePresentInExploreProductTab" time="0.0">
    <skipped/>
  </testcase> <!-- verifyTheTableNamePresentInExploreProductTab -->
</testsuite> <!-- EdgeTest -->
