<?xml version="1.0" encoding="UTF-8"?>
<testng-results ignored="0" total="9" passed="4" failed="2" skipped="3">
  <reporter-output>
  </reporter-output>
  <suite started-at="2023-04-16T10:52:02 IST" name="Axis_Bank_Suite" finished-at="2023-04-16T10:52:32 IST" duration-ms="30118">
    <groups>
    </groups>
    <test started-at="2023-04-16T10:52:02 IST" name="EdgeTest" finished-at="2023-04-16T10:52:07 IST" duration-ms="5394">
      <class name="Home_Page.VerifyLoginTab">
        <test-method is-config="true" signature="openBrowser(java.lang.String)[pri:0, instance:Home_Page.VerifyLoginTab@729d991e]" started-at="2023-04-16T10:52:07 IST" name="openBrowser" finished-at="1970-01-01T05:30:00 IST" duration-ms="-1681622527325" status="SKIP">
          <reporter-output>
          </reporter-output>
        </test-method> <!-- openBrowser -->
        <test-method is-config="true" signature="createPomObject()[pri:0, instance:Home_Page.VerifyLoginTab@729d991e]" started-at="2023-04-16T10:52:07 IST" name="createPomObject" finished-at="1970-01-01T05:30:00 IST" duration-ms="-1681622527343" status="SKIP">
          <reporter-output>
          </reporter-output>
        </test-method> <!-- createPomObject -->
        <test-method is-config="true" signature="launchWebApplication()[pri:0, instance:Home_Page.VerifyLoginTab@729d991e]" started-at="2023-04-16T10:52:07 IST" name="launchWebApplication" finished-at="1970-01-01T05:30:00 IST" duration-ms="-1681622527346" status="SKIP">
          <reporter-output>
          </reporter-output>
        </test-method> <!-- launchWebApplication -->
        <test-method signature="verifyAllTheOptionsPresentInLoginTab()[pri:0, instance:Home_Page.VerifyLoginTab@729d991e]" started-at="2023-04-16T10:52:07 IST" name="verifyAllTheOptionsPresentInLoginTab" finished-at="2023-04-16T10:52:07 IST" duration-ms="0" status="SKIP">
          <exception class="org.openqa.selenium.WebDriverException">
            <message>
              <![CDATA[disconnected: not connected to DevTools
  (failed to check if window was closed: disconnected: not connected to DevTools)
  (Session info: MicrosoftEdge=112.0.1722.48)
Build info: version: '3.141.59', revision: 'e82be7d358', time: '2018-11-14T08:17:03'
System info: host: 'DESKTOP-FTIU28S', ip: '192.168.184.1', os.name: 'Windows 11', os.arch: 'amd64', os.version: '10.0', java.version: '17.0.5'
Driver info: driver.version: EdgeDriver
remote stacktrace: Backtrace:
Microsoft::Applications::Events::EventProperties::SetProperty [0x00007FF7BA98A5B2+12658]
Microsoft::Applications::Events::EventProperty::EventProperty [0x00007FF7BA922852+747634]
(No symbol) [0x00007FF7BA5BDD2E]
(No symbol) [0x00007FF7BA5A7C01]
(No symbol) [0x00007FF7BA5A9001]
(No symbol) [0x00007FF7BA5A8F30]
(No symbol) [0x00007FF7BA596202]
(No symbol) [0x00007FF7BA595D7A]
(No symbol) [0x00007FF7BA627316]
(No symbol) [0x00007FF7BA61F1C3]
(No symbol) [0x00007FF7BA5F17D6]
(No symbol) [0x00007FF7BA5F09B5]
(No symbol) [0x00007FF7BA5F1F44]
Microsoft::Applications::Events::EventProperties::SetProperty [0x00007FF7BA835520+147088]
(No symbol) [0x00007FF7BA6D91B6]
Microsoft::Applications::Events::EventProperty::EventProperty [0x00007FF7BA874487+33959]
Microsoft::Applications::Events::EventProperty::EventProperty [0x00007FF7BA877F55+49013]
Microsoft::Applications::Events::ILogManager::DispatchEventBroadcast [0x00007FF7BAB69923+1305299]
Microsoft::Applications::Events::EventProperty::EventProperty [0x00007FF7BA92AE0C+781868]
Microsoft::Applications::Events::EventProperty::EventProperty [0x00007FF7BA930334+803668]
Microsoft::Applications::Events::EventProperty::EventProperty [0x00007FF7BA93048C+804012]
Microsoft::Applications::Events::EventProperty::EventProperty [0x00007FF7BA938591+837041]
BaseThreadInitThunk [0x00007FFA06BD269D+29]
RtlUserThreadStart [0x00007FFA07FEA9F8+40]
]]>
            </message>
            <full-stacktrace>
              <![CDATA[org.openqa.selenium.WebDriverException: disconnected: not connected to DevTools
  (failed to check if window was closed: disconnected: not connected to DevTools)
  (Session info: MicrosoftEdge=112.0.1722.48)
Build info: version: '3.141.59', revision: 'e82be7d358', time: '2018-11-14T08:17:03'
System info: host: 'DESKTOP-FTIU28S', ip: '192.168.184.1', os.name: 'Windows 11', os.arch: 'amd64', os.version: '10.0', java.version: '17.0.5'
Driver info: driver.version: EdgeDriver
remote stacktrace: Backtrace:
Microsoft::Applications::Events::EventProperties::SetProperty [0x00007FF7BA98A5B2+12658]
Microsoft::Applications::Events::EventProperty::EventProperty [0x00007FF7BA922852+747634]
(No symbol) [0x00007FF7BA5BDD2E]
(No symbol) [0x00007FF7BA5A7C01]
(No symbol) [0x00007FF7BA5A9001]
(No symbol) [0x00007FF7BA5A8F30]
(No symbol) [0x00007FF7BA596202]
(No symbol) [0x00007FF7BA595D7A]
(No symbol) [0x00007FF7BA627316]
(No symbol) [0x00007FF7BA61F1C3]
(No symbol) [0x00007FF7BA5F17D6]
(No symbol) [0x00007FF7BA5F09B5]
(No symbol) [0x00007FF7BA5F1F44]
Microsoft::Applications::Events::EventProperties::SetProperty [0x00007FF7BA835520+147088]
(No symbol) [0x00007FF7BA6D91B6]
Microsoft::Applications::Events::EventProperty::EventProperty [0x00007FF7BA874487+33959]
Microsoft::Applications::Events::EventProperty::EventProperty [0x00007FF7BA877F55+49013]
Microsoft::Applications::Events::ILogManager::DispatchEventBroadcast [0x00007FF7BAB69923+1305299]
Microsoft::Applications::Events::EventProperty::EventProperty [0x00007FF7BA92AE0C+781868]
Microsoft::Applications::Events::EventProperty::EventProperty [0x00007FF7BA930334+803668]
Microsoft::Applications::Events::EventProperty::EventProperty [0x00007FF7BA93048C+804012]
Microsoft::Applications::Events::EventProperty::EventProperty [0x00007FF7BA938591+837041]
BaseThreadInitThunk [0x00007FFA06BD269D+29]
RtlUserThreadStart [0x00007FFA07FEA9F8+40]

at java.base/jdk.internal.reflect.NativeConstructorAccessorImpl.newInstance0(Native Method)
at java.base/jdk.internal.reflect.NativeConstructorAccessorImpl.newInstance(NativeConstructorAccessorImpl.java:77)
at java.base/jdk.internal.reflect.DelegatingConstructorAccessorImpl.newInstance(DelegatingConstructorAccessorImpl.java:45)
at java.base/java.lang.reflect.Constructor.newInstanceWithCaller(Constructor.java:499)
at java.base/java.lang.reflect.Constructor.newInstance(Constructor.java:480)
at org.openqa.selenium.remote.W3CHandshakeResponse.lambda$errorHandler$0(W3CHandshakeResponse.java:62)
at org.openqa.selenium.remote.HandshakeResponse.lambda$getResponseFunction$0(HandshakeResponse.java:30)
at org.openqa.selenium.remote.ProtocolHandshake.lambda$createSession$0(ProtocolHandshake.java:126)
at java.base/java.util.stream.ReferencePipeline$3$1.accept(ReferencePipeline.java:197)
at java.base/java.util.Spliterators$ArraySpliterator.tryAdvance(Spliterators.java:1002)
at java.base/java.util.stream.ReferencePipeline.forEachWithCancel(ReferencePipeline.java:129)
at java.base/java.util.stream.AbstractPipeline.copyIntoWithCancel(AbstractPipeline.java:527)
at java.base/java.util.stream.AbstractPipeline.copyInto(AbstractPipeline.java:513)
at java.base/java.util.stream.AbstractPipeline.wrapAndCopyInto(AbstractPipeline.java:499)
at java.base/java.util.stream.FindOps$FindOp.evaluateSequential(FindOps.java:150)
at java.base/java.util.stream.AbstractPipeline.evaluate(AbstractPipeline.java:234)
at java.base/java.util.stream.ReferencePipeline.findFirst(ReferencePipeline.java:647)
at org.openqa.selenium.remote.ProtocolHandshake.createSession(ProtocolHandshake.java:128)
at org.openqa.selenium.remote.ProtocolHandshake.createSession(ProtocolHandshake.java:74)
at org.openqa.selenium.remote.HttpCommandExecutor.execute(HttpCommandExecutor.java:136)
at org.openqa.selenium.remote.service.DriverCommandExecutor.execute(DriverCommandExecutor.java:83)
at org.openqa.selenium.remote.RemoteWebDriver.execute(RemoteWebDriver.java:552)
at org.openqa.selenium.remote.RemoteWebDriver.startSession(RemoteWebDriver.java:213)
at org.openqa.selenium.remote.RemoteWebDriver.<init>(RemoteWebDriver.java:131)
at org.openqa.selenium.edge.EdgeDriver.<init>(EdgeDriver.java:141)
at org.openqa.selenium.edge.EdgeDriver.<init>(EdgeDriver.java:96)
at Browser_Setup.Base.openEdgeBrowser(Base.java:26)
at Home_Page.VerifyExploreProductTab.openBrowser(VerifyExploreProductTab.java:61)
at java.base/jdk.internal.reflect.NativeMethodAccessorImpl.invoke0(Native Method)
at java.base/jdk.internal.reflect.NativeMethodAccessorImpl.invoke(NativeMethodAccessorImpl.java:77)
at java.base/jdk.internal.reflect.DelegatingMethodAccessorImpl.invoke(DelegatingMethodAccessorImpl.java:43)
at java.base/java.lang.reflect.Method.invoke(Method.java:568)
at org.testng.internal.MethodInvocationHelper.invokeMethod(MethodInvocationHelper.java:133)
at org.testng.internal.MethodInvocationHelper.invokeMethodConsideringTimeout(MethodInvocationHelper.java:62)
at org.testng.internal.ConfigInvoker.invokeConfigurationMethod(ConfigInvoker.java:385)
at org.testng.internal.ConfigInvoker.invokeConfigurations(ConfigInvoker.java:321)
at org.testng.TestRunner.invokeTestConfigurations(TestRunner.java:637)
at org.testng.TestRunner.beforeRun(TestRunner.java:627)
at org.testng.TestRunner.run(TestRunner.java:589)
at org.testng.SuiteRunner.runTest(SuiteRunner.java:377)
at org.testng.SuiteRunner.access$000(SuiteRunner.java:28)
at org.testng.SuiteRunner$SuiteWorker.run(SuiteRunner.java:418)
at org.testng.internal.thread.ThreadUtil.lambda$execute$0(ThreadUtil.java:64)
at java.base/java.util.concurrent.FutureTask.run(FutureTask.java:264)
at java.base/java.util.concurrent.ThreadPoolExecutor.runWorker(ThreadPoolExecutor.java:1136)
at java.base/java.util.concurrent.ThreadPoolExecutor$Worker.run(ThreadPoolExecutor.java:635)
at java.base/java.lang.Thread.run(Thread.java:833)
]]>
            </full-stacktrace>
          </exception> <!-- org.openqa.selenium.WebDriverException -->
          <reporter-output>
          </reporter-output>
        </test-method> <!-- verifyAllTheOptionsPresentInLoginTab -->
        <test-method is-config="true" signature="logOutFromApplication(org.testng.ITestResult)[pri:0, instance:Home_Page.VerifyLoginTab@729d991e]" started-at="2023-04-16T10:52:07 IST" name="logOutFromApplication" finished-at="1970-01-01T05:30:00 IST" duration-ms="-1681622527370" status="SKIP">
          <reporter-output>
          </reporter-output>
        </test-method> <!-- logOutFromApplication -->
        <test-method is-config="true" signature="clearObject()[pri:0, instance:Home_Page.VerifyLoginTab@729d991e]" started-at="2023-04-16T10:52:07 IST" name="clearObject" finished-at="1970-01-01T05:30:00 IST" duration-ms="-1681622527385" status="SKIP">
          <reporter-output>
          </reporter-output>
        </test-method> <!-- clearObject -->
        <test-method is-config="true" signature="closedTheBrowser()[pri:0, instance:Home_Page.VerifyLoginTab@729d991e]" started-at="2023-04-16T10:52:07 IST" name="closedTheBrowser" finished-at="1970-01-01T05:30:00 IST" duration-ms="-1681622527535" status="SKIP">
          <reporter-output>
          </reporter-output>
        </test-method> <!-- closedTheBrowser -->
      </class> <!-- Home_Page.VerifyLoginTab -->
      <class name="Home_Page.VerifyExploreProductTab">
        <test-method is-config="true" signature="openBrowser(java.lang.String)[pri:0, instance:Home_Page.VerifyExploreProductTab@32502377]" started-at="2023-04-16T10:52:02 IST" name="openBrowser" finished-at="2023-04-16T10:52:07 IST" duration-ms="5141" status="FAIL">
          <params>
            <param index="0">
              <value>
                <![CDATA[Edge]]>
              </value>
            </param>
          </params>
          <exception class="org.openqa.selenium.WebDriverException">
            <message>
              <![CDATA[disconnected: not connected to DevTools
  (failed to check if window was closed: disconnected: not connected to DevTools)
  (Session info: MicrosoftEdge=112.0.1722.48)
Build info: version: '3.141.59', revision: 'e82be7d358', time: '2018-11-14T08:17:03'
System info: host: 'DESKTOP-FTIU28S', ip: '192.168.184.1', os.name: 'Windows 11', os.arch: 'amd64', os.version: '10.0', java.version: '17.0.5'
Driver info: driver.version: EdgeDriver
remote stacktrace: Backtrace:
Microsoft::Applications::Events::EventProperties::SetProperty [0x00007FF7BA98A5B2+12658]
Microsoft::Applications::Events::EventProperty::EventProperty [0x00007FF7BA922852+747634]
(No symbol) [0x00007FF7BA5BDD2E]
(No symbol) [0x00007FF7BA5A7C01]
(No symbol) [0x00007FF7BA5A9001]
(No symbol) [0x00007FF7BA5A8F30]
(No symbol) [0x00007FF7BA596202]
(No symbol) [0x00007FF7BA595D7A]
(No symbol) [0x00007FF7BA627316]
(No symbol) [0x00007FF7BA61F1C3]
(No symbol) [0x00007FF7BA5F17D6]
(No symbol) [0x00007FF7BA5F09B5]
(No symbol) [0x00007FF7BA5F1F44]
Microsoft::Applications::Events::EventProperties::SetProperty [0x00007FF7BA835520+147088]
(No symbol) [0x00007FF7BA6D91B6]
Microsoft::Applications::Events::EventProperty::EventProperty [0x00007FF7BA874487+33959]
Microsoft::Applications::Events::EventProperty::EventProperty [0x00007FF7BA877F55+49013]
Microsoft::Applications::Events::ILogManager::DispatchEventBroadcast [0x00007FF7BAB69923+1305299]
Microsoft::Applications::Events::EventProperty::EventProperty [0x00007FF7BA92AE0C+781868]
Microsoft::Applications::Events::EventProperty::EventProperty [0x00007FF7BA930334+803668]
Microsoft::Applications::Events::EventProperty::EventProperty [0x00007FF7BA93048C+804012]
Microsoft::Applications::Events::EventProperty::EventProperty [0x00007FF7BA938591+837041]
BaseThreadInitThunk [0x00007FFA06BD269D+29]
RtlUserThreadStart [0x00007FFA07FEA9F8+40]
]]>
            </message>
            <full-stacktrace>
              <![CDATA[org.openqa.selenium.WebDriverException: disconnected: not connected to DevTools
  (failed to check if window was closed: disconnected: not connected to DevTools)
  (Session info: MicrosoftEdge=112.0.1722.48)
Build info: version: '3.141.59', revision: 'e82be7d358', time: '2018-11-14T08:17:03'
System info: host: 'DESKTOP-FTIU28S', ip: '192.168.184.1', os.name: 'Windows 11', os.arch: 'amd64', os.version: '10.0', java.version: '17.0.5'
Driver info: driver.version: EdgeDriver
remote stacktrace: Backtrace:
Microsoft::Applications::Events::EventProperties::SetProperty [0x00007FF7BA98A5B2+12658]
Microsoft::Applications::Events::EventProperty::EventProperty [0x00007FF7BA922852+747634]
(No symbol) [0x00007FF7BA5BDD2E]
(No symbol) [0x00007FF7BA5A7C01]
(No symbol) [0x00007FF7BA5A9001]
(No symbol) [0x00007FF7BA5A8F30]
(No symbol) [0x00007FF7BA596202]
(No symbol) [0x00007FF7BA595D7A]
(No symbol) [0x00007FF7BA627316]
(No symbol) [0x00007FF7BA61F1C3]
(No symbol) [0x00007FF7BA5F17D6]
(No symbol) [0x00007FF7BA5F09B5]
(No symbol) [0x00007FF7BA5F1F44]
Microsoft::Applications::Events::EventProperties::SetProperty [0x00007FF7BA835520+147088]
(No symbol) [0x00007FF7BA6D91B6]
Microsoft::Applications::Events::EventProperty::EventProperty [0x00007FF7BA874487+33959]
Microsoft::Applications::Events::EventProperty::EventProperty [0x00007FF7BA877F55+49013]
Microsoft::Applications::Events::ILogManager::DispatchEventBroadcast [0x00007FF7BAB69923+1305299]
Microsoft::Applications::Events::EventProperty::EventProperty [0x00007FF7BA92AE0C+781868]
Microsoft::Applications::Events::EventProperty::EventProperty [0x00007FF7BA930334+803668]
Microsoft::Applications::Events::EventProperty::EventProperty [0x00007FF7BA93048C+804012]
Microsoft::Applications::Events::EventProperty::EventProperty [0x00007FF7BA938591+837041]
BaseThreadInitThunk [0x00007FFA06BD269D+29]
RtlUserThreadStart [0x00007FFA07FEA9F8+40]

at java.base/jdk.internal.reflect.NativeConstructorAccessorImpl.newInstance0(Native Method)
at java.base/jdk.internal.reflect.NativeConstructorAccessorImpl.newInstance(NativeConstructorAccessorImpl.java:77)
at java.base/jdk.internal.reflect.DelegatingConstructorAccessorImpl.newInstance(DelegatingConstructorAccessorImpl.java:45)
at java.base/java.lang.reflect.Constructor.newInstanceWithCaller(Constructor.java:499)
at java.base/java.lang.reflect.Constructor.newInstance(Constructor.java:480)
at org.openqa.selenium.remote.W3CHandshakeResponse.lambda$errorHandler$0(W3CHandshakeResponse.java:62)
at org.openqa.selenium.remote.HandshakeResponse.lambda$getResponseFunction$0(HandshakeResponse.java:30)
at org.openqa.selenium.remote.ProtocolHandshake.lambda$createSession$0(ProtocolHandshake.java:126)
at java.base/java.util.stream.ReferencePipeline$3$1.accept(ReferencePipeline.java:197)
at java.base/java.util.Spliterators$ArraySpliterator.tryAdvance(Spliterators.java:1002)
at java.base/java.util.stream.ReferencePipeline.forEachWithCancel(ReferencePipeline.java:129)
at java.base/java.util.stream.AbstractPipeline.copyIntoWithCancel(AbstractPipeline.java:527)
at java.base/java.util.stream.AbstractPipeline.copyInto(AbstractPipeline.java:513)
at java.base/java.util.stream.AbstractPipeline.wrapAndCopyInto(AbstractPipeline.java:499)
at java.base/java.util.stream.FindOps$FindOp.evaluateSequential(FindOps.java:150)
at java.base/java.util.stream.AbstractPipeline.evaluate(AbstractPipeline.java:234)
at java.base/java.util.stream.ReferencePipeline.findFirst(ReferencePipeline.java:647)
at org.openqa.selenium.remote.ProtocolHandshake.createSession(ProtocolHandshake.java:128)
at org.openqa.selenium.remote.ProtocolHandshake.createSession(ProtocolHandshake.java:74)
at org.openqa.selenium.remote.HttpCommandExecutor.execute(HttpCommandExecutor.java:136)
at org.openqa.selenium.remote.service.DriverCommandExecutor.execute(DriverCommandExecutor.java:83)
at org.openqa.selenium.remote.RemoteWebDriver.execute(RemoteWebDriver.java:552)
at org.openqa.selenium.remote.RemoteWebDriver.startSession(RemoteWebDriver.java:213)
at org.openqa.selenium.remote.RemoteWebDriver.<init>(RemoteWebDriver.java:131)
at org.openqa.selenium.edge.EdgeDriver.<init>(EdgeDriver.java:141)
at org.openqa.selenium.edge.EdgeDriver.<init>(EdgeDriver.java:96)
at Browser_Setup.Base.openEdgeBrowser(Base.java:26)
at Home_Page.VerifyExploreProductTab.openBrowser(VerifyExploreProductTab.java:61)
at java.base/jdk.internal.reflect.NativeMethodAccessorImpl.invoke0(Native Method)
at java.base/jdk.internal.reflect.NativeMethodAccessorImpl.invoke(NativeMethodAccessorImpl.java:77)
at java.base/jdk.internal.reflect.DelegatingMethodAccessorImpl.invoke(DelegatingMethodAccessorImpl.java:43)
at java.base/java.lang.reflect.Method.invoke(Method.java:568)
at org.testng.internal.MethodInvocationHelper.invokeMethod(MethodInvocationHelper.java:133)
at org.testng.internal.MethodInvocationHelper.invokeMethodConsideringTimeout(MethodInvocationHelper.java:62)
at org.testng.internal.ConfigInvoker.invokeConfigurationMethod(ConfigInvoker.java:385)
at org.testng.internal.ConfigInvoker.invokeConfigurations(ConfigInvoker.java:321)
at org.testng.TestRunner.invokeTestConfigurations(TestRunner.java:637)
at org.testng.TestRunner.beforeRun(TestRunner.java:627)
at org.testng.TestRunner.run(TestRunner.java:589)
at org.testng.SuiteRunner.runTest(SuiteRunner.java:377)
at org.testng.SuiteRunner.access$000(SuiteRunner.java:28)
at org.testng.SuiteRunner$SuiteWorker.run(SuiteRunner.java:418)
at org.testng.internal.thread.ThreadUtil.lambda$execute$0(ThreadUtil.java:64)
at java.base/java.util.concurrent.FutureTask.run(FutureTask.java:264)
at java.base/java.util.concurrent.ThreadPoolExecutor.runWorker(ThreadPoolExecutor.java:1136)
at java.base/java.util.concurrent.ThreadPoolExecutor$Worker.run(ThreadPoolExecutor.java:635)
at java.base/java.lang.Thread.run(Thread.java:833)
]]>
            </full-stacktrace>
          </exception> <!-- org.openqa.selenium.WebDriverException -->
          <reporter-output>
          </reporter-output>
        </test-method> <!-- openBrowser -->
        <test-method is-config="true" signature="createPomObject()[pri:0, instance:Home_Page.VerifyExploreProductTab@32502377]" started-at="2023-04-16T10:52:07 IST" name="createPomObject" finished-at="1970-01-01T05:30:00 IST" duration-ms="-1681622527343" status="SKIP">
          <reporter-output>
          </reporter-output>
        </test-method> <!-- createPomObject -->
        <test-method is-config="true" signature="launchWebApplication()[pri:0, instance:Home_Page.VerifyExploreProductTab@32502377]" started-at="2023-04-16T10:52:07 IST" name="launchWebApplication" finished-at="1970-01-01T05:30:00 IST" duration-ms="-1681622527449" status="SKIP">
          <reporter-output>
          </reporter-output>
        </test-method> <!-- launchWebApplication -->
        <test-method signature="verifyAllTheOptionsPresentInExploreProductTab()[pri:0, instance:Home_Page.VerifyExploreProductTab@32502377]" started-at="2023-04-16T10:52:07 IST" name="verifyAllTheOptionsPresentInExploreProductTab" finished-at="2023-04-16T10:52:07 IST" duration-ms="0" status="SKIP">
          <exception class="org.openqa.selenium.WebDriverException">
            <message>
              <![CDATA[disconnected: not connected to DevTools
  (failed to check if window was closed: disconnected: not connected to DevTools)
  (Session info: MicrosoftEdge=112.0.1722.48)
Build info: version: '3.141.59', revision: 'e82be7d358', time: '2018-11-14T08:17:03'
System info: host: 'DESKTOP-FTIU28S', ip: '192.168.184.1', os.name: 'Windows 11', os.arch: 'amd64', os.version: '10.0', java.version: '17.0.5'
Driver info: driver.version: EdgeDriver
remote stacktrace: Backtrace:
Microsoft::Applications::Events::EventProperties::SetProperty [0x00007FF7BA98A5B2+12658]
Microsoft::Applications::Events::EventProperty::EventProperty [0x00007FF7BA922852+747634]
(No symbol) [0x00007FF7BA5BDD2E]
(No symbol) [0x00007FF7BA5A7C01]
(No symbol) [0x00007FF7BA5A9001]
(No symbol) [0x00007FF7BA5A8F30]
(No symbol) [0x00007FF7BA596202]
(No symbol) [0x00007FF7BA595D7A]
(No symbol) [0x00007FF7BA627316]
(No symbol) [0x00007FF7BA61F1C3]
(No symbol) [0x00007FF7BA5F17D6]
(No symbol) [0x00007FF7BA5F09B5]
(No symbol) [0x00007FF7BA5F1F44]
Microsoft::Applications::Events::EventProperties::SetProperty [0x00007FF7BA835520+147088]
(No symbol) [0x00007FF7BA6D91B6]
Microsoft::Applications::Events::EventProperty::EventProperty [0x00007FF7BA874487+33959]
Microsoft::Applications::Events::EventProperty::EventProperty [0x00007FF7BA877F55+49013]
Microsoft::Applications::Events::ILogManager::DispatchEventBroadcast [0x00007FF7BAB69923+1305299]
Microsoft::Applications::Events::EventProperty::EventProperty [0x00007FF7BA92AE0C+781868]
Microsoft::Applications::Events::EventProperty::EventProperty [0x00007FF7BA930334+803668]
Microsoft::Applications::Events::EventProperty::EventProperty [0x00007FF7BA93048C+804012]
Microsoft::Applications::Events::EventProperty::EventProperty [0x00007FF7BA938591+837041]
BaseThreadInitThunk [0x00007FFA06BD269D+29]
RtlUserThreadStart [0x00007FFA07FEA9F8+40]
]]>
            </message>
            <full-stacktrace>
              <![CDATA[org.openqa.selenium.WebDriverException: disconnected: not connected to DevTools
  (failed to check if window was closed: disconnected: not connected to DevTools)
  (Session info: MicrosoftEdge=112.0.1722.48)
Build info: version: '3.141.59', revision: 'e82be7d358', time: '2018-11-14T08:17:03'
System info: host: 'DESKTOP-FTIU28S', ip: '192.168.184.1', os.name: 'Windows 11', os.arch: 'amd64', os.version: '10.0', java.version: '17.0.5'
Driver info: driver.version: EdgeDriver
remote stacktrace: Backtrace:
Microsoft::Applications::Events::EventProperties::SetProperty [0x00007FF7BA98A5B2+12658]
Microsoft::Applications::Events::EventProperty::EventProperty [0x00007FF7BA922852+747634]
(No symbol) [0x00007FF7BA5BDD2E]
(No symbol) [0x00007FF7BA5A7C01]
(No symbol) [0x00007FF7BA5A9001]
(No symbol) [0x00007FF7BA5A8F30]
(No symbol) [0x00007FF7BA596202]
(No symbol) [0x00007FF7BA595D7A]
(No symbol) [0x00007FF7BA627316]
(No symbol) [0x00007FF7BA61F1C3]
(No symbol) [0x00007FF7BA5F17D6]
(No symbol) [0x00007FF7BA5F09B5]
(No symbol) [0x00007FF7BA5F1F44]
Microsoft::Applications::Events::EventProperties::SetProperty [0x00007FF7BA835520+147088]
(No symbol) [0x00007FF7BA6D91B6]
Microsoft::Applications::Events::EventProperty::EventProperty [0x00007FF7BA874487+33959]
Microsoft::Applications::Events::EventProperty::EventProperty [0x00007FF7BA877F55+49013]
Microsoft::Applications::Events::ILogManager::DispatchEventBroadcast [0x00007FF7BAB69923+1305299]
Microsoft::Applications::Events::EventProperty::EventProperty [0x00007FF7BA92AE0C+781868]
Microsoft::Applications::Events::EventProperty::EventProperty [0x00007FF7BA930334+803668]
Microsoft::Applications::Events::EventProperty::EventProperty [0x00007FF7BA93048C+804012]
Microsoft::Applications::Events::EventProperty::EventProperty [0x00007FF7BA938591+837041]
BaseThreadInitThunk [0x00007FFA06BD269D+29]
RtlUserThreadStart [0x00007FFA07FEA9F8+40]

at java.base/jdk.internal.reflect.NativeConstructorAccessorImpl.newInstance0(Native Method)
at java.base/jdk.internal.reflect.NativeConstructorAccessorImpl.newInstance(NativeConstructorAccessorImpl.java:77)
at java.base/jdk.internal.reflect.DelegatingConstructorAccessorImpl.newInstance(DelegatingConstructorAccessorImpl.java:45)
at java.base/java.lang.reflect.Constructor.newInstanceWithCaller(Constructor.java:499)
at java.base/java.lang.reflect.Constructor.newInstance(Constructor.java:480)
at org.openqa.selenium.remote.W3CHandshakeResponse.lambda$errorHandler$0(W3CHandshakeResponse.java:62)
at org.openqa.selenium.remote.HandshakeResponse.lambda$getResponseFunction$0(HandshakeResponse.java:30)
at org.openqa.selenium.remote.ProtocolHandshake.lambda$createSession$0(ProtocolHandshake.java:126)
at java.base/java.util.stream.ReferencePipeline$3$1.accept(ReferencePipeline.java:197)
at java.base/java.util.Spliterators$ArraySpliterator.tryAdvance(Spliterators.java:1002)
at java.base/java.util.stream.ReferencePipeline.forEachWithCancel(ReferencePipeline.java:129)
at java.base/java.util.stream.AbstractPipeline.copyIntoWithCancel(AbstractPipeline.java:527)
at java.base/java.util.stream.AbstractPipeline.copyInto(AbstractPipeline.java:513)
at java.base/java.util.stream.AbstractPipeline.wrapAndCopyInto(AbstractPipeline.java:499)
at java.base/java.util.stream.FindOps$FindOp.evaluateSequential(FindOps.java:150)
at java.base/java.util.stream.AbstractPipeline.evaluate(AbstractPipeline.java:234)
at java.base/java.util.stream.ReferencePipeline.findFirst(ReferencePipeline.java:647)
at org.openqa.selenium.remote.ProtocolHandshake.createSession(ProtocolHandshake.java:128)
at org.openqa.selenium.remote.ProtocolHandshake.createSession(ProtocolHandshake.java:74)
at org.openqa.selenium.remote.HttpCommandExecutor.execute(HttpCommandExecutor.java:136)
at org.openqa.selenium.remote.service.DriverCommandExecutor.execute(DriverCommandExecutor.java:83)
at org.openqa.selenium.remote.RemoteWebDriver.execute(RemoteWebDriver.java:552)
at org.openqa.selenium.remote.RemoteWebDriver.startSession(RemoteWebDriver.java:213)
at org.openqa.selenium.remote.RemoteWebDriver.<init>(RemoteWebDriver.java:131)
at org.openqa.selenium.edge.EdgeDriver.<init>(EdgeDriver.java:141)
at org.openqa.selenium.edge.EdgeDriver.<init>(EdgeDriver.java:96)
at Browser_Setup.Base.openEdgeBrowser(Base.java:26)
at Home_Page.VerifyExploreProductTab.openBrowser(VerifyExploreProductTab.java:61)
at java.base/jdk.internal.reflect.NativeMethodAccessorImpl.invoke0(Native Method)
at java.base/jdk.internal.reflect.NativeMethodAccessorImpl.invoke(NativeMethodAccessorImpl.java:77)
at java.base/jdk.internal.reflect.DelegatingMethodAccessorImpl.invoke(DelegatingMethodAccessorImpl.java:43)
at java.base/java.lang.reflect.Method.invoke(Method.java:568)
at org.testng.internal.MethodInvocationHelper.invokeMethod(MethodInvocationHelper.java:133)
at org.testng.internal.MethodInvocationHelper.invokeMethodConsideringTimeout(MethodInvocationHelper.java:62)
at org.testng.internal.ConfigInvoker.invokeConfigurationMethod(ConfigInvoker.java:385)
at org.testng.internal.ConfigInvoker.invokeConfigurations(ConfigInvoker.java:321)
at org.testng.TestRunner.invokeTestConfigurations(TestRunner.java:637)
at org.testng.TestRunner.beforeRun(TestRunner.java:627)
at org.testng.TestRunner.run(TestRunner.java:589)
at org.testng.SuiteRunner.runTest(SuiteRunner.java:377)
at org.testng.SuiteRunner.access$000(SuiteRunner.java:28)
at org.testng.SuiteRunner$SuiteWorker.run(SuiteRunner.java:418)
at org.testng.internal.thread.ThreadUtil.lambda$execute$0(ThreadUtil.java:64)
at java.base/java.util.concurrent.FutureTask.run(FutureTask.java:264)
at java.base/java.util.concurrent.ThreadPoolExecutor.runWorker(ThreadPoolExecutor.java:1136)
at java.base/java.util.concurrent.ThreadPoolExecutor$Worker.run(ThreadPoolExecutor.java:635)
at java.base/java.lang.Thread.run(Thread.java:833)
]]>
            </full-stacktrace>
          </exception> <!-- org.openqa.selenium.WebDriverException -->
          <reporter-output>
          </reporter-output>
        </test-method> <!-- verifyAllTheOptionsPresentInExploreProductTab -->
        <test-method is-config="true" signature="logOutFromApplication(org.testng.ITestResult)[pri:0, instance:Home_Page.VerifyExploreProductTab@32502377]" started-at="2023-04-16T10:52:07 IST" name="logOutFromApplication" finished-at="1970-01-01T05:30:00 IST" duration-ms="-1681622527488" status="SKIP">
          <reporter-output>
          </reporter-output>
        </test-method> <!-- logOutFromApplication -->
        <test-method is-config="true" signature="launchWebApplication()[pri:0, instance:Home_Page.VerifyExploreProductTab@32502377]" started-at="2023-04-16T10:52:07 IST" name="launchWebApplication" finished-at="1970-01-01T05:30:00 IST" duration-ms="-1681622527492" status="SKIP">
          <reporter-output>
          </reporter-output>
        </test-method> <!-- launchWebApplication -->
        <test-method signature="verifyTheTableNamePresentInExploreProductTab()[pri:0, instance:Home_Page.VerifyExploreProductTab@32502377]" started-at="2023-04-16T10:52:07 IST" name="verifyTheTableNamePresentInExploreProductTab" finished-at="2023-04-16T10:52:07 IST" duration-ms="0" status="SKIP">
          <exception class="org.openqa.selenium.WebDriverException">
            <message>
              <![CDATA[disconnected: not connected to DevTools
  (failed to check if window was closed: disconnected: not connected to DevTools)
  (Session info: MicrosoftEdge=112.0.1722.48)
Build info: version: '3.141.59', revision: 'e82be7d358', time: '2018-11-14T08:17:03'
System info: host: 'DESKTOP-FTIU28S', ip: '192.168.184.1', os.name: 'Windows 11', os.arch: 'amd64', os.version: '10.0', java.version: '17.0.5'
Driver info: driver.version: EdgeDriver
remote stacktrace: Backtrace:
Microsoft::Applications::Events::EventProperties::SetProperty [0x00007FF7BA98A5B2+12658]
Microsoft::Applications::Events::EventProperty::EventProperty [0x00007FF7BA922852+747634]
(No symbol) [0x00007FF7BA5BDD2E]
(No symbol) [0x00007FF7BA5A7C01]
(No symbol) [0x00007FF7BA5A9001]
(No symbol) [0x00007FF7BA5A8F30]
(No symbol) [0x00007FF7BA596202]
(No symbol) [0x00007FF7BA595D7A]
(No symbol) [0x00007FF7BA627316]
(No symbol) [0x00007FF7BA61F1C3]
(No symbol) [0x00007FF7BA5F17D6]
(No symbol) [0x00007FF7BA5F09B5]
(No symbol) [0x00007FF7BA5F1F44]
Microsoft::Applications::Events::EventProperties::SetProperty [0x00007FF7BA835520+147088]
(No symbol) [0x00007FF7BA6D91B6]
Microsoft::Applications::Events::EventProperty::EventProperty [0x00007FF7BA874487+33959]
Microsoft::Applications::Events::EventProperty::EventProperty [0x00007FF7BA877F55+49013]
Microsoft::Applications::Events::ILogManager::DispatchEventBroadcast [0x00007FF7BAB69923+1305299]
Microsoft::Applications::Events::EventProperty::EventProperty [0x00007FF7BA92AE0C+781868]
Microsoft::Applications::Events::EventProperty::EventProperty [0x00007FF7BA930334+803668]
Microsoft::Applications::Events::EventProperty::EventProperty [0x00007FF7BA93048C+804012]
Microsoft::Applications::Events::EventProperty::EventProperty [0x00007FF7BA938591+837041]
BaseThreadInitThunk [0x00007FFA06BD269D+29]
RtlUserThreadStart [0x00007FFA07FEA9F8+40]
]]>
            </message>
            <full-stacktrace>
              <![CDATA[org.openqa.selenium.WebDriverException: disconnected: not connected to DevTools
  (failed to check if window was closed: disconnected: not connected to DevTools)
  (Session info: MicrosoftEdge=112.0.1722.48)
Build info: version: '3.141.59', revision: 'e82be7d358', time: '2018-11-14T08:17:03'
System info: host: 'DESKTOP-FTIU28S', ip: '192.168.184.1', os.name: 'Windows 11', os.arch: 'amd64', os.version: '10.0', java.version: '17.0.5'
Driver info: driver.version: EdgeDriver
remote stacktrace: Backtrace:
Microsoft::Applications::Events::EventProperties::SetProperty [0x00007FF7BA98A5B2+12658]
Microsoft::Applications::Events::EventProperty::EventProperty [0x00007FF7BA922852+747634]
(No symbol) [0x00007FF7BA5BDD2E]
(No symbol) [0x00007FF7BA5A7C01]
(No symbol) [0x00007FF7BA5A9001]
(No symbol) [0x00007FF7BA5A8F30]
(No symbol) [0x00007FF7BA596202]
(No symbol) [0x00007FF7BA595D7A]
(No symbol) [0x00007FF7BA627316]
(No symbol) [0x00007FF7BA61F1C3]
(No symbol) [0x00007FF7BA5F17D6]
(No symbol) [0x00007FF7BA5F09B5]
(No symbol) [0x00007FF7BA5F1F44]
Microsoft::Applications::Events::EventProperties::SetProperty [0x00007FF7BA835520+147088]
(No symbol) [0x00007FF7BA6D91B6]
Microsoft::Applications::Events::EventProperty::EventProperty [0x00007FF7BA874487+33959]
Microsoft::Applications::Events::EventProperty::EventProperty [0x00007FF7BA877F55+49013]
Microsoft::Applications::Events::ILogManager::DispatchEventBroadcast [0x00007FF7BAB69923+1305299]
Microsoft::Applications::Events::EventProperty::EventProperty [0x00007FF7BA92AE0C+781868]
Microsoft::Applications::Events::EventProperty::EventProperty [0x00007FF7BA930334+803668]
Microsoft::Applications::Events::EventProperty::EventProperty [0x00007FF7BA93048C+804012]
Microsoft::Applications::Events::EventProperty::EventProperty [0x00007FF7BA938591+837041]
BaseThreadInitThunk [0x00007FFA06BD269D+29]
RtlUserThreadStart [0x00007FFA07FEA9F8+40]

at java.base/jdk.internal.reflect.NativeConstructorAccessorImpl.newInstance0(Native Method)
at java.base/jdk.internal.reflect.NativeConstructorAccessorImpl.newInstance(NativeConstructorAccessorImpl.java:77)
at java.base/jdk.internal.reflect.DelegatingConstructorAccessorImpl.newInstance(DelegatingConstructorAccessorImpl.java:45)
at java.base/java.lang.reflect.Constructor.newInstanceWithCaller(Constructor.java:499)
at java.base/java.lang.reflect.Constructor.newInstance(Constructor.java:480)
at org.openqa.selenium.remote.W3CHandshakeResponse.lambda$errorHandler$0(W3CHandshakeResponse.java:62)
at org.openqa.selenium.remote.HandshakeResponse.lambda$getResponseFunction$0(HandshakeResponse.java:30)
at org.openqa.selenium.remote.ProtocolHandshake.lambda$createSession$0(ProtocolHandshake.java:126)
at java.base/java.util.stream.ReferencePipeline$3$1.accept(ReferencePipeline.java:197)
at java.base/java.util.Spliterators$ArraySpliterator.tryAdvance(Spliterators.java:1002)
at java.base/java.util.stream.ReferencePipeline.forEachWithCancel(ReferencePipeline.java:129)
at java.base/java.util.stream.AbstractPipeline.copyIntoWithCancel(AbstractPipeline.java:527)
at java.base/java.util.stream.AbstractPipeline.copyInto(AbstractPipeline.java:513)
at java.base/java.util.stream.AbstractPipeline.wrapAndCopyInto(AbstractPipeline.java:499)
at java.base/java.util.stream.FindOps$FindOp.evaluateSequential(FindOps.java:150)
at java.base/java.util.stream.AbstractPipeline.evaluate(AbstractPipeline.java:234)
at java.base/java.util.stream.ReferencePipeline.findFirst(ReferencePipeline.java:647)
at org.openqa.selenium.remote.ProtocolHandshake.createSession(ProtocolHandshake.java:128)
at org.openqa.selenium.remote.ProtocolHandshake.createSession(ProtocolHandshake.java:74)
at org.openqa.selenium.remote.HttpCommandExecutor.execute(HttpCommandExecutor.java:136)
at org.openqa.selenium.remote.service.DriverCommandExecutor.execute(DriverCommandExecutor.java:83)
at org.openqa.selenium.remote.RemoteWebDriver.execute(RemoteWebDriver.java:552)
at org.openqa.selenium.remote.RemoteWebDriver.startSession(RemoteWebDriver.java:213)
at org.openqa.selenium.remote.RemoteWebDriver.<init>(RemoteWebDriver.java:131)
at org.openqa.selenium.edge.EdgeDriver.<init>(EdgeDriver.java:141)
at org.openqa.selenium.edge.EdgeDriver.<init>(EdgeDriver.java:96)
at Browser_Setup.Base.openEdgeBrowser(Base.java:26)
at Home_Page.VerifyExploreProductTab.openBrowser(VerifyExploreProductTab.java:61)
at java.base/jdk.internal.reflect.NativeMethodAccessorImpl.invoke0(Native Method)
at java.base/jdk.internal.reflect.NativeMethodAccessorImpl.invoke(NativeMethodAccessorImpl.java:77)
at java.base/jdk.internal.reflect.DelegatingMethodAccessorImpl.invoke(DelegatingMethodAccessorImpl.java:43)
at java.base/java.lang.reflect.Method.invoke(Method.java:568)
at org.testng.internal.MethodInvocationHelper.invokeMethod(MethodInvocationHelper.java:133)
at org.testng.internal.MethodInvocationHelper.invokeMethodConsideringTimeout(MethodInvocationHelper.java:62)
at org.testng.internal.ConfigInvoker.invokeConfigurationMethod(ConfigInvoker.java:385)
at org.testng.internal.ConfigInvoker.invokeConfigurations(ConfigInvoker.java:321)
at org.testng.TestRunner.invokeTestConfigurations(TestRunner.java:637)
at org.testng.TestRunner.beforeRun(TestRunner.java:627)
at org.testng.TestRunner.run(TestRunner.java:589)
at org.testng.SuiteRunner.runTest(SuiteRunner.java:377)
at org.testng.SuiteRunner.access$000(SuiteRunner.java:28)
at org.testng.SuiteRunner$SuiteWorker.run(SuiteRunner.java:418)
at org.testng.internal.thread.ThreadUtil.lambda$execute$0(ThreadUtil.java:64)
at java.base/java.util.concurrent.FutureTask.run(FutureTask.java:264)
at java.base/java.util.concurrent.ThreadPoolExecutor.runWorker(ThreadPoolExecutor.java:1136)
at java.base/java.util.concurrent.ThreadPoolExecutor$Worker.run(ThreadPoolExecutor.java:635)
at java.base/java.lang.Thread.run(Thread.java:833)
]]>
            </full-stacktrace>
          </exception> <!-- org.openqa.selenium.WebDriverException -->
          <reporter-output>
          </reporter-output>
        </test-method> <!-- verifyTheTableNamePresentInExploreProductTab -->
        <test-method is-config="true" signature="logOutFromApplication(org.testng.ITestResult)[pri:0, instance:Home_Page.VerifyExploreProductTab@32502377]" started-at="2023-04-16T10:52:07 IST" name="logOutFromApplication" finished-at="1970-01-01T05:30:00 IST" duration-ms="-1681622527503" status="SKIP">
          <reporter-output>
          </reporter-output>
        </test-method> <!-- logOutFromApplication -->
        <test-method is-config="true" signature="clearObject()[pri:0, instance:Home_Page.VerifyExploreProductTab@32502377]" started-at="2023-04-16T10:52:07 IST" name="clearObject" finished-at="1970-01-01T05:30:00 IST" duration-ms="-1681622527527" status="SKIP">
          <reporter-output>
          </reporter-output>
        </test-method> <!-- clearObject -->
        <test-method is-config="true" signature="closedTheBrowser()[pri:0, instance:Home_Page.VerifyExploreProductTab@32502377]" started-at="2023-04-16T10:52:07 IST" name="closedTheBrowser" finished-at="1970-01-01T05:30:00 IST" duration-ms="-1681622527532" status="SKIP">
          <reporter-output>
          </reporter-output>
        </test-method> <!-- closedTheBrowser -->
      </class> <!-- Home_Page.VerifyExploreProductTab -->
    </test> <!-- EdgeTest -->
    <test started-at="2023-04-16T10:52:02 IST" name="FirefoxTest" finished-at="2023-04-16T10:52:31 IST" duration-ms="28885">
      <class name="Home_Page.VerifyLoginTab">
        <test-method is-config="true" signature="openBrowser(java.lang.String)[pri:0, instance:Home_Page.VerifyLoginTab@ffaa6af]" started-at="2023-04-16T10:52:09 IST" name="openBrowser" finished-at="2023-04-16T10:52:14 IST" duration-ms="5205" status="PASS">
          <params>
            <param index="0">
              <value>
                <![CDATA[Firefox]]>
              </value>
            </param>
          </params>
          <reporter-output>
          </reporter-output>
        </test-method> <!-- openBrowser -->
        <test-method is-config="true" signature="createPomObject()[pri:0, instance:Home_Page.VerifyLoginTab@ffaa6af]" started-at="2023-04-16T10:52:14 IST" name="createPomObject" finished-at="2023-04-16T10:52:14 IST" duration-ms="4" status="PASS">
          <reporter-output>
          </reporter-output>
        </test-method> <!-- createPomObject -->
        <test-method is-config="true" signature="launchWebApplication()[pri:0, instance:Home_Page.VerifyLoginTab@ffaa6af]" started-at="2023-04-16T10:52:14 IST" name="launchWebApplication" finished-at="2023-04-16T10:52:20 IST" duration-ms="5661" status="PASS">
          <reporter-output>
          </reporter-output>
        </test-method> <!-- launchWebApplication -->
        <test-method signature="verifyAllTheOptionsPresentInLoginTab()[pri:0, instance:Home_Page.VerifyLoginTab@ffaa6af]" started-at="2023-04-16T10:52:20 IST" name="verifyAllTheOptionsPresentInLoginTab" finished-at="2023-04-16T10:52:21 IST" duration-ms="492" status="PASS">
          <reporter-output>
          </reporter-output>
        </test-method> <!-- verifyAllTheOptionsPresentInLoginTab -->
        <test-method is-config="true" signature="clearObject()[pri:0, instance:Home_Page.VerifyLoginTab@ffaa6af]" started-at="2023-04-16T10:52:21 IST" name="clearObject" finished-at="2023-04-16T10:52:21 IST" duration-ms="0" status="PASS">
          <reporter-output>
          </reporter-output>
        </test-method> <!-- clearObject -->
        <test-method is-config="true" signature="logOutFromApplication(org.testng.ITestResult)[pri:0, instance:Home_Page.VerifyLoginTab@ffaa6af]" started-at="2023-04-16T10:52:21 IST" name="logOutFromApplication" finished-at="2023-04-16T10:52:21 IST" duration-ms="0" status="PASS">
          <params>
            <param index="0">
              <value>
                <![CDATA[[TestResult name=verifyAllTheOptionsPresentInLoginTab status=SUCCESS method=VerifyLoginTab.verifyAllTheOptionsPresentInLoginTab()[pri:0, instance:Home_Page.VerifyLoginTab@ffaa6af] output={null}]]]>
              </value>
            </param>
          </params>
          <reporter-output>
          </reporter-output>
        </test-method> <!-- logOutFromApplication -->
        <test-method is-config="true" signature="closedTheBrowser()[pri:0, instance:Home_Page.VerifyLoginTab@ffaa6af]" started-at="2023-04-16T10:52:28 IST" name="closedTheBrowser" finished-at="2023-04-16T10:52:31 IST" duration-ms="2572" status="PASS">
          <reporter-output>
          </reporter-output>
        </test-method> <!-- closedTheBrowser -->
      </class> <!-- Home_Page.VerifyLoginTab -->
      <class name="Home_Page.VerifyExploreProductTab">
        <test-method is-config="true" signature="openBrowser(java.lang.String)[pri:0, instance:Home_Page.VerifyExploreProductTab@53ce1329]" started-at="2023-04-16T10:52:02 IST" name="openBrowser" finished-at="2023-04-16T10:52:09 IST" duration-ms="7470" status="PASS">
          <params>
            <param index="0">
              <value>
                <![CDATA[Firefox]]>
              </value>
            </param>
          </params>
          <reporter-output>
          </reporter-output>
        </test-method> <!-- openBrowser -->
        <test-method is-config="true" signature="createPomObject()[pri:0, instance:Home_Page.VerifyExploreProductTab@53ce1329]" started-at="2023-04-16T10:52:14 IST" name="createPomObject" finished-at="2023-04-16T10:52:14 IST" duration-ms="4" status="PASS">
          <reporter-output>
          </reporter-output>
        </test-method> <!-- createPomObject -->
        <test-method is-config="true" signature="launchWebApplication()[pri:0, instance:Home_Page.VerifyExploreProductTab@53ce1329]" started-at="2023-04-16T10:52:14 IST" name="launchWebApplication" finished-at="2023-04-16T10:52:20 IST" duration-ms="5993" status="PASS">
          <reporter-output>
          </reporter-output>
        </test-method> <!-- launchWebApplication -->
        <test-method signature="verifyAllTheOptionsPresentInExploreProductTab()[pri:0, instance:Home_Page.VerifyExploreProductTab@53ce1329]" started-at="2023-04-16T10:52:20 IST" name="verifyAllTheOptionsPresentInExploreProductTab" finished-at="2023-04-16T10:52:21 IST" duration-ms="752" status="PASS">
          <reporter-output>
          </reporter-output>
        </test-method> <!-- verifyAllTheOptionsPresentInExploreProductTab -->
        <test-method is-config="true" signature="logOutFromApplication(org.testng.ITestResult)[pri:0, instance:Home_Page.VerifyExploreProductTab@53ce1329]" started-at="2023-04-16T10:52:21 IST" name="logOutFromApplication" finished-at="2023-04-16T10:52:21 IST" duration-ms="3" status="PASS">
          <params>
            <param index="0">
              <value>
                <![CDATA[[TestResult name=verifyAllTheOptionsPresentInExploreProductTab status=SUCCESS method=VerifyExploreProductTab.verifyAllTheOptionsPresentInExploreProductTab()[pri:0, instance:Home_Page.VerifyExploreProductTab@53ce1329] output={null}]]]>
              </value>
            </param>
          </params>
          <reporter-output>
          </reporter-output>
        </test-method> <!-- logOutFromApplication -->
        <test-method is-config="true" signature="launchWebApplication()[pri:0, instance:Home_Page.VerifyExploreProductTab@53ce1329]" started-at="2023-04-16T10:52:21 IST" name="launchWebApplication" finished-at="2023-04-16T10:52:23 IST" duration-ms="2145" status="PASS">
          <reporter-output>
          </reporter-output>
        </test-method> <!-- launchWebApplication -->
        <test-method signature="verifyTheTableNamePresentInExploreProductTab()[pri:0, instance:Home_Page.VerifyExploreProductTab@53ce1329]" started-at="2023-04-16T10:52:23 IST" name="verifyTheTableNamePresentInExploreProductTab" finished-at="2023-04-16T10:52:24 IST" duration-ms="332" status="FAIL">
          <exception class="java.lang.AssertionError">
            <message>
              <![CDATA[The following asserts failed:
expected [Retail] but found [],
expected [Agri and Rural] but found []]]>
            </message>
            <full-stacktrace>
              <![CDATA[java.lang.AssertionError: The following asserts failed:
expected [Retail] but found [],
expected [Agri and Rural] but found []
at org.testng.asserts.SoftAssert.assertAll(SoftAssert.java:47)
at org.testng.asserts.SoftAssert.assertAll(SoftAssert.java:31)
at Home_Page.VerifyExploreProductTab.verifyTheTableNamePresentInExploreProductTab(VerifyExploreProductTab.java:101)
at java.base/jdk.internal.reflect.NativeMethodAccessorImpl.invoke0(Native Method)
at java.base/jdk.internal.reflect.NativeMethodAccessorImpl.invoke(NativeMethodAccessorImpl.java:77)
at java.base/jdk.internal.reflect.DelegatingMethodAccessorImpl.invoke(DelegatingMethodAccessorImpl.java:43)
at java.base/java.lang.reflect.Method.invoke(Method.java:568)
at org.testng.internal.MethodInvocationHelper.invokeMethod(MethodInvocationHelper.java:133)
at org.testng.internal.TestInvoker.invokeMethod(TestInvoker.java:598)
at org.testng.internal.TestInvoker.invokeTestMethod(TestInvoker.java:173)
at org.testng.internal.MethodRunner.runInSequence(MethodRunner.java:46)
at org.testng.internal.TestInvoker$MethodInvocationAgent.invoke(TestInvoker.java:824)
at org.testng.internal.TestInvoker.invokeTestMethods(TestInvoker.java:146)
at org.testng.internal.TestMethodWorker.invokeTestMethods(TestMethodWorker.java:146)
at org.testng.internal.TestMethodWorker.run(TestMethodWorker.java:128)
at java.base/java.util.concurrent.ThreadPoolExecutor.runWorker(ThreadPoolExecutor.java:1136)
at java.base/java.util.concurrent.ThreadPoolExecutor$Worker.run(ThreadPoolExecutor.java:635)
at java.base/java.lang.Thread.run(Thread.java:833)
]]>
            </full-stacktrace>
          </exception> <!-- java.lang.AssertionError -->
          <reporter-output>
          </reporter-output>
        </test-method> <!-- verifyTheTableNamePresentInExploreProductTab -->
        <test-method is-config="true" signature="logOutFromApplication(org.testng.ITestResult)[pri:0, instance:Home_Page.VerifyExploreProductTab@53ce1329]" started-at="2023-04-16T10:52:24 IST" name="logOutFromApplication" finished-at="2023-04-16T10:52:25 IST" duration-ms="1455" status="PASS">
          <params>
            <param index="0">
              <value>
                <![CDATA[[TestResult name=verifyTheTableNamePresentInExploreProductTab status=FAILURE method=VerifyExploreProductTab.verifyTheTableNamePresentInExploreProductTab()[pri:0, instance:Home_Page.VerifyExploreProductTab@53ce1329] output={null}]]]>
              </value>
            </param>
          </params>
          <reporter-output>
          </reporter-output>
        </test-method> <!-- logOutFromApplication -->
        <test-method is-config="true" signature="clearObject()[pri:0, instance:Home_Page.VerifyExploreProductTab@53ce1329]" started-at="2023-04-16T10:52:25 IST" name="clearObject" finished-at="2023-04-16T10:52:25 IST" duration-ms="0" status="PASS">
          <reporter-output>
          </reporter-output>
        </test-method> <!-- clearObject -->
        <test-method is-config="true" signature="closedTheBrowser()[pri:0, instance:Home_Page.VerifyExploreProductTab@53ce1329]" started-at="2023-04-16T10:52:25 IST" name="closedTheBrowser" finished-at="2023-04-16T10:52:28 IST" duration-ms="2927" status="PASS">
          <reporter-output>
          </reporter-output>
        </test-method> <!-- closedTheBrowser -->
      </class> <!-- Home_Page.VerifyExploreProductTab -->
    </test> <!-- FirefoxTest -->
    <test started-at="2023-04-16T10:52:02 IST" name="ChromeTest" finished-at="2023-04-16T10:52:32 IST" duration-ms="30118">
      <class name="Home_Page.VerifyLoginTab">
        <test-method is-config="true" signature="openBrowser(java.lang.String)[pri:0, instance:Home_Page.VerifyLoginTab@5562c41e]" started-at="2023-04-16T10:52:03 IST" name="openBrowser" finished-at="2023-04-16T10:52:05 IST" duration-ms="1244" status="PASS">
          <params>
            <param index="0">
              <value>
                <![CDATA[Chrome]]>
              </value>
            </param>
          </params>
          <reporter-output>
          </reporter-output>
        </test-method> <!-- openBrowser -->
        <test-method is-config="true" signature="createPomObject()[pri:0, instance:Home_Page.VerifyLoginTab@5562c41e]" started-at="2023-04-16T10:52:05 IST" name="createPomObject" finished-at="2023-04-16T10:52:05 IST" duration-ms="66" status="PASS">
          <reporter-output>
          </reporter-output>
        </test-method> <!-- createPomObject -->
        <test-method is-config="true" signature="launchWebApplication()[pri:0, instance:Home_Page.VerifyLoginTab@5562c41e]" started-at="2023-04-16T10:52:05 IST" name="launchWebApplication" finished-at="2023-04-16T10:52:11 IST" duration-ms="6138" status="PASS">
          <reporter-output>
          </reporter-output>
        </test-method> <!-- launchWebApplication -->
        <test-method signature="verifyAllTheOptionsPresentInLoginTab()[pri:0, instance:Home_Page.VerifyLoginTab@5562c41e]" started-at="2023-04-16T10:52:11 IST" name="verifyAllTheOptionsPresentInLoginTab" finished-at="2023-04-16T10:52:12 IST" duration-ms="818" status="PASS">
          <reporter-output>
          </reporter-output>
        </test-method> <!-- verifyAllTheOptionsPresentInLoginTab -->
        <test-method is-config="true" signature="logOutFromApplication(org.testng.ITestResult)[pri:0, instance:Home_Page.VerifyLoginTab@5562c41e]" started-at="2023-04-16T10:52:12 IST" name="logOutFromApplication" finished-at="2023-04-16T10:52:12 IST" duration-ms="2" status="PASS">
          <params>
            <param index="0">
              <value>
                <![CDATA[[TestResult name=verifyAllTheOptionsPresentInLoginTab status=SUCCESS method=VerifyLoginTab.verifyAllTheOptionsPresentInLoginTab()[pri:0, instance:Home_Page.VerifyLoginTab@5562c41e] output={null}]]]>
              </value>
            </param>
          </params>
          <reporter-output>
          </reporter-output>
        </test-method> <!-- logOutFromApplication -->
        <test-method is-config="true" signature="clearObject()[pri:0, instance:Home_Page.VerifyLoginTab@5562c41e]" started-at="2023-04-16T10:52:12 IST" name="clearObject" finished-at="2023-04-16T10:52:12 IST" duration-ms="1" status="PASS">
          <reporter-output>
          </reporter-output>
        </test-method> <!-- clearObject -->
        <test-method is-config="true" signature="closedTheBrowser()[pri:0, instance:Home_Page.VerifyLoginTab@5562c41e]" started-at="2023-04-16T10:52:31 IST" name="closedTheBrowser" finished-at="2023-04-16T10:52:32 IST" duration-ms="281" status="PASS">
          <reporter-output>
          </reporter-output>
        </test-method> <!-- closedTheBrowser -->
      </class> <!-- Home_Page.VerifyLoginTab -->
      <class name="Home_Page.VerifyExploreProductTab">
        <test-method is-config="true" signature="openBrowser(java.lang.String)[pri:0, instance:Home_Page.VerifyExploreProductTab@6da21078]" started-at="2023-04-16T10:52:02 IST" name="openBrowser" finished-at="2023-04-16T10:52:03 IST" duration-ms="1775" status="PASS">
          <params>
            <param index="0">
              <value>
                <![CDATA[Chrome]]>
              </value>
            </param>
          </params>
          <reporter-output>
          </reporter-output>
        </test-method> <!-- openBrowser -->
        <test-method is-config="true" signature="createPomObject()[pri:0, instance:Home_Page.VerifyExploreProductTab@6da21078]" started-at="2023-04-16T10:52:05 IST" name="createPomObject" finished-at="2023-04-16T10:52:05 IST" duration-ms="78" status="PASS">
          <reporter-output>
          </reporter-output>
        </test-method> <!-- createPomObject -->
        <test-method is-config="true" signature="launchWebApplication()[pri:0, instance:Home_Page.VerifyExploreProductTab@6da21078]" started-at="2023-04-16T10:52:05 IST" name="launchWebApplication" finished-at="2023-04-16T10:52:12 IST" duration-ms="6864" status="PASS">
          <reporter-output>
          </reporter-output>
        </test-method> <!-- launchWebApplication -->
        <test-method signature="verifyAllTheOptionsPresentInExploreProductTab()[pri:0, instance:Home_Page.VerifyExploreProductTab@6da21078]" started-at="2023-04-16T10:52:12 IST" name="verifyAllTheOptionsPresentInExploreProductTab" finished-at="2023-04-16T10:52:25 IST" duration-ms="13128" status="PASS">
          <reporter-output>
          </reporter-output>
        </test-method> <!-- verifyAllTheOptionsPresentInExploreProductTab -->
        <test-method is-config="true" signature="launchWebApplication()[pri:0, instance:Home_Page.VerifyExploreProductTab@6da21078]" started-at="2023-04-16T10:52:25 IST" name="launchWebApplication" finished-at="2023-04-16T10:52:29 IST" duration-ms="4418" status="PASS">
          <reporter-output>
          </reporter-output>
        </test-method> <!-- launchWebApplication -->
        <test-method is-config="true" signature="logOutFromApplication(org.testng.ITestResult)[pri:0, instance:Home_Page.VerifyExploreProductTab@6da21078]" started-at="2023-04-16T10:52:25 IST" name="logOutFromApplication" finished-at="2023-04-16T10:52:25 IST" duration-ms="0" status="PASS">
          <params>
            <param index="0">
              <value>
                <![CDATA[[TestResult name=verifyAllTheOptionsPresentInExploreProductTab status=SUCCESS method=VerifyExploreProductTab.verifyAllTheOptionsPresentInExploreProductTab()[pri:0, instance:Home_Page.VerifyExploreProductTab@6da21078] output={null}]]]>
              </value>
            </param>
          </params>
          <reporter-output>
          </reporter-output>
        </test-method> <!-- logOutFromApplication -->
        <test-method signature="verifyTheTableNamePresentInExploreProductTab()[pri:0, instance:Home_Page.VerifyExploreProductTab@6da21078]" started-at="2023-04-16T10:52:29 IST" name="verifyTheTableNamePresentInExploreProductTab" finished-at="2023-04-16T10:52:29 IST" duration-ms="225" status="FAIL">
          <exception class="java.lang.AssertionError">
            <message>
              <![CDATA[The following asserts failed:
expected [Retail] but found [],
expected [Agri and Rural] but found []]]>
            </message>
            <full-stacktrace>
              <![CDATA[java.lang.AssertionError: The following asserts failed:
expected [Retail] but found [],
expected [Agri and Rural] but found []
at org.testng.asserts.SoftAssert.assertAll(SoftAssert.java:47)
at org.testng.asserts.SoftAssert.assertAll(SoftAssert.java:31)
at Home_Page.VerifyExploreProductTab.verifyTheTableNamePresentInExploreProductTab(VerifyExploreProductTab.java:101)
at java.base/jdk.internal.reflect.NativeMethodAccessorImpl.invoke0(Native Method)
at java.base/jdk.internal.reflect.NativeMethodAccessorImpl.invoke(NativeMethodAccessorImpl.java:77)
at java.base/jdk.internal.reflect.DelegatingMethodAccessorImpl.invoke(DelegatingMethodAccessorImpl.java:43)
at java.base/java.lang.reflect.Method.invoke(Method.java:568)
at org.testng.internal.MethodInvocationHelper.invokeMethod(MethodInvocationHelper.java:133)
at org.testng.internal.TestInvoker.invokeMethod(TestInvoker.java:598)
at org.testng.internal.TestInvoker.invokeTestMethod(TestInvoker.java:173)
at org.testng.internal.MethodRunner.runInSequence(MethodRunner.java:46)
at org.testng.internal.TestInvoker$MethodInvocationAgent.invoke(TestInvoker.java:824)
at org.testng.internal.TestInvoker.invokeTestMethods(TestInvoker.java:146)
at org.testng.internal.TestMethodWorker.invokeTestMethods(TestMethodWorker.java:146)
at org.testng.internal.TestMethodWorker.run(TestMethodWorker.java:128)
at java.base/java.util.concurrent.ThreadPoolExecutor.runWorker(ThreadPoolExecutor.java:1136)
at java.base/java.util.concurrent.ThreadPoolExecutor$Worker.run(ThreadPoolExecutor.java:635)
at java.base/java.lang.Thread.run(Thread.java:833)
]]>
            </full-stacktrace>
          </exception> <!-- java.lang.AssertionError -->
          <reporter-output>
          </reporter-output>
        </test-method> <!-- verifyTheTableNamePresentInExploreProductTab -->
        <test-method is-config="true" signature="logOutFromApplication(org.testng.ITestResult)[pri:0, instance:Home_Page.VerifyExploreProductTab@6da21078]" started-at="2023-04-16T10:52:29 IST" name="logOutFromApplication" finished-at="2023-04-16T10:52:31 IST" duration-ms="1676" status="PASS">
          <params>
            <param index="0">
              <value>
                <![CDATA[[TestResult name=verifyTheTableNamePresentInExploreProductTab status=FAILURE method=VerifyExploreProductTab.verifyTheTableNamePresentInExploreProductTab()[pri:0, instance:Home_Page.VerifyExploreProductTab@6da21078] output={null}]]]>
              </value>
            </param>
          </params>
          <reporter-output>
          </reporter-output>
        </test-method> <!-- logOutFromApplication -->
        <test-method is-config="true" signature="clearObject()[pri:0, instance:Home_Page.VerifyExploreProductTab@6da21078]" started-at="2023-04-16T10:52:31 IST" name="clearObject" finished-at="2023-04-16T10:52:31 IST" duration-ms="1" status="PASS">
          <reporter-output>
          </reporter-output>
        </test-method> <!-- clearObject -->
        <test-method is-config="true" signature="closedTheBrowser()[pri:0, instance:Home_Page.VerifyExploreProductTab@6da21078]" started-at="2023-04-16T10:52:31 IST" name="closedTheBrowser" finished-at="2023-04-16T10:52:31 IST" duration-ms="368" status="PASS">
          <reporter-output>
          </reporter-output>
        </test-method> <!-- closedTheBrowser -->
      </class> <!-- Home_Page.VerifyExploreProductTab -->
    </test> <!-- ChromeTest -->
  </suite> <!-- Axis_Bank_Suite -->
</testng-results>
